{
    "level": "info",
    "logId": "b17bd771ea1995d553dcdeab31c4e6c8",
    "timestamp": "Jul-30-2024 17:12:29",
    "appInfo": {
        "appVersion": "0.1.0",
        "environment": "development",
        "proccessId": 13904
    },
    "message": {
        "model": "user",
        "sort": null,
        "desc": null
    },
    "data": {}
}
{
    "level": "info",
    "logId": "f0cbd54d2fb551c45eea93bbab9bb278",
    "timestamp": "Jul-30-2024 17:18:08",
    "appInfo": {
        "appVersion": "0.1.0",
        "environment": "development",
        "proccessId": 13904
    },
    "message": {
        "model": "user",
        "sort": null,
        "desc": null
    },
    "data": {}
}
{
    "level": "info",
    "logId": "650832f5e74bf6df4ec79d2074ac9f4a",
    "timestamp": "Jul-30-2024 17:20:26",
    "appInfo": {
        "appVersion": "0.1.0",
        "environment": "development",
        "proccessId": 13904
    },
    "message": {
        "model": "user",
        "sort": null,
        "desc": null
    },
    "data": {}
}
