{
    "level": "info",
    "logId": "45fd42d385ca47289e35360a5ae95129",
    "timestamp": "Aug-02-2024 16:47:25",
    "appInfo": {
        "appVersion": "0.1.0",
        "environment": "development",
        "proccessId": 27152
    },
    "message": {
        "model": "user",
        "sort": "\"first_name\"",
        "desc": "false"
    },
    "data": {}
}
{
    "level": "info",
    "logId": "3988b895c5af7e8ac59fd18d6cb8c632",
    "timestamp": "Aug-02-2024 16:47:29",
    "appInfo": {
        "appVersion": "0.1.0",
        "environment": "development",
        "proccessId": 27152
    },
    "message": {
        "model": "user",
        "sort": "\"first_name\"",
        "desc": "false"
    },
    "data": {}
}
{
    "level": "info",
    "logId": "1381577f17f0723b61713ffe2ff9782d",
    "timestamp": "Aug-02-2024 16:57:25",
    "appInfo": {
        "appVersion": "0.1.0",
        "environment": "development",
        "proccessId": 27152
    },
    "message": {
        "model": "user",
        "sort": "\"first_name\"",
        "desc": "false"
    },
    "data": {}
}
{
    "level": "info",
    "logId": "b0b18508e3da711108d7d5821d8a615b",
    "timestamp": "Aug-02-2024 16:57:25",
    "appInfo": {
        "appVersion": "0.1.0",
        "environment": "development",
        "proccessId": 27152
    },
    "message": {
        "model": "user",
        "sort": "\"first_name\"",
        "desc": "false"
    },
    "data": {}
}
